Using pre-set license
Built from '2020.3/release' branch; Version is '2020.3.12f1 (b3b2c6512326) revision 11776710'; Using compiler version '192528614'; Build Type 'Release'
OS: 'Windows 10 Pro; OS build 19043.1466; Version 2009; 64bit' Language: 'en' Physical Memory: 32198 MB
BatchMode: 1, IsHumanControllingUs: 0, StartBugReporterOnCrash: 0, Is64bit: 1, IsPro: 0

 COMMAND LINE ARGUMENTS:
C:\Program Files\Unity\Hub\Editor\2020.3.12f1\Editor\Unity.exe
-adb2
-batchMode
-noUpm
-name
AssetImportWorker0
-projectPath
C:/Users/JSchmidt/Desktop/Home/Projects/FactorySimulator/FactorySimulator
-logFile
Logs/AssetImportWorker0.log
-srvPort
59076
Successfully changed project path to: C:/Users/JSchmidt/Desktop/Home/Projects/FactorySimulator/FactorySimulator
C:/Users/JSchmidt/Desktop/Home/Projects/FactorySimulator/FactorySimulator
Using Asset Import Pipeline V2.
Refreshing native plugins compatible for Editor in 46.50 ms, found 2 plugins.
Preloading 0 native plugins for Editor in 0.00 ms.
Initialize engine version: 2020.3.12f1 (b3b2c6512326)
[Subsystems] Discovering subsystems at path C:/Program Files/Unity/Hub/Editor/2020.3.12f1/Editor/Data/Resources/UnitySubsystems
[Subsystems] Discovering subsystems at path C:/Users/JSchmidt/Desktop/Home/Projects/FactorySimulator/FactorySimulator/Assets
GfxDevice: creating device client; threaded=0
Direct3D:
    Version:  Direct3D 11.0 [level 11.1]
    Renderer: NVIDIA Quadro T2000 (ID=0x1fb8)
    Vendor:   
    VRAM:     3962 MB
    Driver:   30.0.14.9649
Initialize mono
Mono path[0] = 'C:/Program Files/Unity/Hub/Editor/2020.3.12f1/Editor/Data/Managed'
Mono path[1] = 'C:/Program Files/Unity/Hub/Editor/2020.3.12f1/Editor/Data/MonoBleedingEdge/lib/mono/unityjit'
Mono config path = 'C:/Program Files/Unity/Hub/Editor/2020.3.12f1/Editor/Data/MonoBleedingEdge/etc'
Using monoOptions --debugger-agent=transport=dt_socket,embedding=1,server=y,suspend=n,address=127.0.0.1:56684
Begin MonoManager ReloadAssembly
Registering precompiled unity dll's ...
Register platform support module: C:/Program Files/Unity/Hub/Editor/2020.3.12f1/Editor/Data/PlaybackEngines/WebGLSupport/UnityEditor.WebGL.Extensions.dll
Register platform support module: C:/Program Files/Unity/Hub/Editor/2020.3.12f1/Editor/Data/PlaybackEngines/WindowsStandaloneSupport/UnityEditor.WindowsStandalone.Extensions.dll
Registered in 0.002141 seconds.
Native extension for WindowsStandalone target not found
Native extension for WebGL target not found
Refreshing native plugins compatible for Editor in 50.54 ms, found 2 plugins.
Preloading 0 native plugins for Editor in 0.00 ms.
Mono: successfully reloaded assembly
- Completed reload, in  2.138 seconds
Platform modules already initialized, skipping
Registering precompiled user dll's ...
Registered in 0.003849 seconds.
Begin MonoManager ReloadAssembly
Native extension for WindowsStandalone target not found
Native extension for WebGL target not found
Refreshing native plugins compatible for Editor in 50.44 ms, found 2 plugins.
Preloading 0 native plugins for Editor in 0.00 ms.
Mono: successfully reloaded assembly
- Completed reload, in  1.153 seconds
Platform modules already initialized, skipping
========================================================================
Worker process is ready to serve import requests
Shader 'Universal Render Pipeline/Particles/Lit': fallback shader 'Universal Render Pipeline/Particles/SimpleLit' not found
Shader 'Universal Render Pipeline/Particles/Lit': fallback shader 'Universal Render Pipeline/Particles/SimpleLit' not found
Launched and connected shader compiler UnityShaderCompiler.exe after 0.04 seconds
Refreshing native plugins compatible for Editor in 0.48 ms, found 2 plugins.
Preloading 0 native plugins for Editor in 0.00 ms.
Unloading 2984 Unused Serialized files (Serialized files now loaded: 0)
System memory in use before: 132.4 MB.
System memory in use after: 129.6 MB.

Unloading 57 unused Assets to reduce memory usage. Loaded Objects now: 3387.
Total: 3.354400 ms (FindLiveObjects: 0.253500 ms CreateObjectMapping: 0.117300 ms MarkObjects: 1.801000 ms  DeleteObjects: 1.181700 ms)

AssetImportParameters requested are different than current active one (requested -> active):
  custom:framework-win-MediaFoundation: 216162199b28c13a410421893ffa2e32 -> 
  custom:video-decoder-ogg-theora: a1e56fd34408186e4bbccfd4996cb3dc -> 
  custom:container-muxer-webm: aa71ff27fc2769a1b78a27578f13a17b -> 
  custom:container-demuxer-webm: 4f35f7cbe854078d1ac9338744f61a02 -> 
  custom:container-demuxer-ogg: 62fdf1f143b41e24485cea50d1cbac27 -> 
  custom:video-encoder-webm-vp8: eb34c28f22e8b96e1ab97ce403110664 -> 
  custom:video-decoder-webm-vp8: 9c59270c3fd7afecdb556c50c9e8de78 -> 
  custom:audio-decoder-ogg-vorbis: bf7c407c2cedff20999df2af8eb42d56 -> 
  custom:audio-encoder-webm-vorbis: bf7c407c2cedff20999df2af8eb42d56 -> 
========================================================================
Received Import Request.
  path: Assets/Data
  artifactKey: Guid(96725e22b570d774a80997915255d3a9) Importer(815301076,1909f56bfc062723c751e8b465ee728b)
Start importing Assets/Data using Guid(96725e22b570d774a80997915255d3a9) Importer(815301076,1909f56bfc062723c751e8b465ee728b)  -> (artifact id: '2a2b8c4c4ca45d45deac810ce8c38700') in 0.010138 seconds 
  Import took 0.013914 seconds .

========================================================================
Received Import Request.
  Time since last request: 14.790582 seconds.
  path: Assets/Prefabs
  artifactKey: Guid(be46ffe1d42fce84aa88c02057c07cf5) Importer(815301076,1909f56bfc062723c751e8b465ee728b)
Start importing Assets/Prefabs using Guid(be46ffe1d42fce84aa88c02057c07cf5) Importer(815301076,1909f56bfc062723c751e8b465ee728b)  -> (artifact id: '49acff02872ce9e85c7461d7b89ed875') in 0.008298 seconds 
  Import took 0.012377 seconds .

========================================================================
Received Import Request.
  Time since last request: 1.966128 seconds.
  path: Assets/Settings
  artifactKey: Guid(0735c275001a2c84dafdb30deced5d8d) Importer(815301076,1909f56bfc062723c751e8b465ee728b)
Start importing Assets/Settings using Guid(0735c275001a2c84dafdb30deced5d8d) Importer(815301076,1909f56bfc062723c751e8b465ee728b)  -> (artifact id: 'cadd7ca10b5bf32e886eec457cf073a7') in 0.008774 seconds 
  Import took 0.012854 seconds .

========================================================================
Received Import Request.
  Time since last request: 22.404318 seconds.
  path: Assets/Data/Input
  artifactKey: Guid(13fe661d210fd234594d3b766a17ebda) Importer(815301076,1909f56bfc062723c751e8b465ee728b)
Start importing Assets/Data/Input using Guid(13fe661d210fd234594d3b766a17ebda) Importer(815301076,1909f56bfc062723c751e8b465ee728b)  -> (artifact id: '125d59bce1796c0fbc003b31d80ce691') in 0.016385 seconds 
  Import took 0.020163 seconds .

========================================================================
Received Import Request.
  Time since last request: 9.499088 seconds.
  path: Assets/Data/URPSettings
  artifactKey: Guid(0735c275001a2c84dafdb30deced5d8d) Importer(815301076,1909f56bfc062723c751e8b465ee728b)
Start importing Assets/Data/URPSettings using Guid(0735c275001a2c84dafdb30deced5d8d) Importer(815301076,1909f56bfc062723c751e8b465ee728b)  -> (artifact id: '5e7c41f6be3e8ecfdf756c7300de4d85') in 0.005986 seconds 
  Import took 0.010008 seconds .

========================================================================
Received Import Request.
  Time since last request: 18.605486 seconds.
  path: Assets/Data/Input Settings
  artifactKey: Guid(13fe661d210fd234594d3b766a17ebda) Importer(815301076,1909f56bfc062723c751e8b465ee728b)
Start importing Assets/Data/Input Settings using Guid(13fe661d210fd234594d3b766a17ebda) Importer(815301076,1909f56bfc062723c751e8b465ee728b)  -> (artifact id: '834f9077c31eab53701b663d071c0c0f') in 0.006895 seconds 
  Import took 0.011638 seconds .

========================================================================
Received Import Request.
  Time since last request: 7.350007 seconds.
  path: Assets/Data/InputSettings
  artifactKey: Guid(13fe661d210fd234594d3b766a17ebda) Importer(815301076,1909f56bfc062723c751e8b465ee728b)
Start importing Assets/Data/InputSettings using Guid(13fe661d210fd234594d3b766a17ebda) Importer(815301076,1909f56bfc062723c751e8b465ee728b)  -> (artifact id: 'b771994ac205d9a78ac66db1da2680a6') in 0.007121 seconds 
  Import took 0.011269 seconds .

========================================================================
Received Prepare
Registering precompiled user dll's ...
Registered in 0.003927 seconds.
Begin MonoManager ReloadAssembly
Native extension for WindowsStandalone target not found
Native extension for WebGL target not found
Refreshing native plugins compatible for Editor in 0.50 ms, found 2 plugins.
Preloading 0 native plugins for Editor in 0.00 ms.
Mono: successfully reloaded assembly
- Completed reload, in  1.043 seconds
Platform modules already initialized, skipping
Shader 'Universal Render Pipeline/Particles/Lit': fallback shader 'Universal Render Pipeline/Particles/SimpleLit' not found
Shader 'Universal Render Pipeline/Particles/Lit': fallback shader 'Universal Render Pipeline/Particles/SimpleLit' not found
Refreshing native plugins compatible for Editor in 0.55 ms, found 2 plugins.
Preloading 0 native plugins for Editor in 0.00 ms.
Unloading 2958 Unused Serialized files (Serialized files now loaded: 0)
System memory in use before: 132.0 MB.
System memory in use after: 128.6 MB.

Unloading 63 unused Assets to reduce memory usage. Loaded Objects now: 3424.
Total: 3.819600 ms (FindLiveObjects: 0.275000 ms CreateObjectMapping: 0.133200 ms MarkObjects: 1.872900 ms  DeleteObjects: 1.537500 ms)

AssetImportParameters requested are different than current active one (requested -> active):
  custom:framework-win-MediaFoundation: 216162199b28c13a410421893ffa2e32 -> 
  custom:video-decoder-ogg-theora: a1e56fd34408186e4bbccfd4996cb3dc -> 
  custom:container-muxer-webm: aa71ff27fc2769a1b78a27578f13a17b -> 
  custom:container-demuxer-webm: 4f35f7cbe854078d1ac9338744f61a02 -> 
  custom:container-demuxer-ogg: 62fdf1f143b41e24485cea50d1cbac27 -> 
  custom:video-encoder-webm-vp8: eb34c28f22e8b96e1ab97ce403110664 -> 
  custom:video-decoder-webm-vp8: 9c59270c3fd7afecdb556c50c9e8de78 -> 
  custom:audio-decoder-ogg-vorbis: bf7c407c2cedff20999df2af8eb42d56 -> 
  custom:audio-encoder-webm-vorbis: bf7c407c2cedff20999df2af8eb42d56 -> 
========================================================================
Received Prepare
Registering precompiled user dll's ...
Registered in 0.003983 seconds.
Begin MonoManager ReloadAssembly
Native extension for WindowsStandalone target not found
Native extension for WebGL target not found
Refreshing native plugins compatible for Editor in 0.50 ms, found 2 plugins.
Preloading 0 native plugins for Editor in 0.00 ms.
Mono: successfully reloaded assembly
- Completed reload, in  1.064 seconds
Platform modules already initialized, skipping
Shader 'Universal Render Pipeline/Particles/Lit': fallback shader 'Universal Render Pipeline/Particles/SimpleLit' not found
Shader 'Universal Render Pipeline/Particles/Lit': fallback shader 'Universal Render Pipeline/Particles/SimpleLit' not found
Refreshing native plugins compatible for Editor in 0.54 ms, found 2 plugins.
Preloading 0 native plugins for Editor in 0.00 ms.
Unloading 2958 Unused Serialized files (Serialized files now loaded: 0)
System memory in use before: 132.0 MB.
System memory in use after: 128.6 MB.

Unloading 63 unused Assets to reduce memory usage. Loaded Objects now: 3427.
Total: 3.964300 ms (FindLiveObjects: 0.265300 ms CreateObjectMapping: 0.123200 ms MarkObjects: 1.951100 ms  DeleteObjects: 1.623700 ms)

AssetImportParameters requested are different than current active one (requested -> active):
  custom:framework-win-MediaFoundation: 216162199b28c13a410421893ffa2e32 -> 
  custom:video-decoder-ogg-theora: a1e56fd34408186e4bbccfd4996cb3dc -> 
  custom:container-muxer-webm: aa71ff27fc2769a1b78a27578f13a17b -> 
  custom:container-demuxer-webm: 4f35f7cbe854078d1ac9338744f61a02 -> 
  custom:container-demuxer-ogg: 62fdf1f143b41e24485cea50d1cbac27 -> 
  custom:video-encoder-webm-vp8: eb34c28f22e8b96e1ab97ce403110664 -> 
  custom:video-decoder-webm-vp8: 9c59270c3fd7afecdb556c50c9e8de78 -> 
  custom:audio-decoder-ogg-vorbis: bf7c407c2cedff20999df2af8eb42d56 -> 
  custom:audio-encoder-webm-vorbis: bf7c407c2cedff20999df2af8eb42d56 -> 
========================================================================
Received Import Request.
  Time since last request: 1146.546512 seconds.
  path: Assets/Data/InputSettings/PlayerInputActions.inputactions
  artifactKey: Guid(b8c9f1fbe478cac4098b9a06fdc97ba0) Importer(815301076,1909f56bfc062723c751e8b465ee728b)
Start importing Assets/Data/InputSettings/PlayerInputActions.inputactions using Guid(b8c9f1fbe478cac4098b9a06fdc97ba0) Importer(815301076,1909f56bfc062723c751e8b465ee728b)  -> (artifact id: 'e5cccdd624703394d777be21b1ee8763') in 0.052377 seconds 
  Import took 0.058105 seconds .

========================================================================
Received Import Request.
  Time since last request: 439.967863 seconds.
  path: Assets/Data/InputSettings/PlayerInputActions.inputactions
  artifactKey: Guid(b8c9f1fbe478cac4098b9a06fdc97ba0) Importer(815301076,1909f56bfc062723c751e8b465ee728b)
Start importing Assets/Data/InputSettings/PlayerInputActions.inputactions using Guid(b8c9f1fbe478cac4098b9a06fdc97ba0) Importer(815301076,1909f56bfc062723c751e8b465ee728b)  -> (artifact id: '57d5df3dc028ac6ec0a636a33c6f7565') in 0.005881 seconds 
  Import took 0.011080 seconds .

========================================================================
Received Import Request.
  Time since last request: 0.001324 seconds.
  path: Assets/Data/InputSettings/PlayerInputActions.inputactions
  artifactKey: Guid(b8c9f1fbe478cac4098b9a06fdc97ba0) Importer(815301076,1909f56bfc062723c751e8b465ee728b)
Start importing Assets/Data/InputSettings/PlayerInputActions.inputactions using Guid(b8c9f1fbe478cac4098b9a06fdc97ba0) Importer(815301076,1909f56bfc062723c751e8b465ee728b)  -> (artifact id: '57d5df3dc028ac6ec0a636a33c6f7565') in 0.003608 seconds 
  Import took 0.007359 seconds .

========================================================================
Received Import Request.
  Time since last request: 85.010688 seconds.
  path: Assets/Data/InputSettings/PlayerInputActions.inputactions
  artifactKey: Guid(b8c9f1fbe478cac4098b9a06fdc97ba0) Importer(815301076,1909f56bfc062723c751e8b465ee728b)
Start importing Assets/Data/InputSettings/PlayerInputActions.inputactions using Guid(b8c9f1fbe478cac4098b9a06fdc97ba0) Importer(815301076,1909f56bfc062723c751e8b465ee728b)  -> (artifact id: '12fd286cf85edf986a210c54259de5c2') in 0.005231 seconds 
  Import took 0.010256 seconds .

========================================================================
Received Prepare
Registering precompiled user dll's ...
Registered in 0.004522 seconds.
Begin MonoManager ReloadAssembly
Native extension for WindowsStandalone target not found
Native extension for WebGL target not found
Refreshing native plugins compatible for Editor in 0.49 ms, found 2 plugins.
Preloading 0 native plugins for Editor in 0.00 ms.
Mono: successfully reloaded assembly
- Completed reload, in  0.995 seconds
Platform modules already initialized, skipping
Shader 'Universal Render Pipeline/Particles/Lit': fallback shader 'Universal Render Pipeline/Particles/SimpleLit' not found
Shader 'Universal Render Pipeline/Particles/Lit': fallback shader 'Universal Render Pipeline/Particles/SimpleLit' not found
Refreshing native plugins compatible for Editor in 0.51 ms, found 2 plugins.
Preloading 0 native plugins for Editor in 0.00 ms.
Unloading 2959 Unused Serialized files (Serialized files now loaded: 0)
System memory in use before: 132.1 MB.
System memory in use after: 128.7 MB.

Unloading 63 unused Assets to reduce memory usage. Loaded Objects now: 3431.
Total: 4.054900 ms (FindLiveObjects: 0.252500 ms CreateObjectMapping: 0.099200 ms MarkObjects: 2.086500 ms  DeleteObjects: 1.615900 ms)

AssetImportParameters requested are different than current active one (requested -> active):
  custom:framework-win-MediaFoundation: 216162199b28c13a410421893ffa2e32 -> 
  custom:video-decoder-ogg-theora: a1e56fd34408186e4bbccfd4996cb3dc -> 
  custom:container-muxer-webm: aa71ff27fc2769a1b78a27578f13a17b -> 
  custom:container-demuxer-webm: 4f35f7cbe854078d1ac9338744f61a02 -> 
  custom:container-demuxer-ogg: 62fdf1f143b41e24485cea50d1cbac27 -> 
  custom:video-encoder-webm-vp8: eb34c28f22e8b96e1ab97ce403110664 -> 
  custom:video-decoder-webm-vp8: 9c59270c3fd7afecdb556c50c9e8de78 -> 
  custom:audio-decoder-ogg-vorbis: bf7c407c2cedff20999df2af8eb42d56 -> 
  custom:audio-encoder-webm-vorbis: bf7c407c2cedff20999df2af8eb42d56 -> 
========================================================================
Received Import Request.
  Time since last request: 7.691293 seconds.
  path: Assets/Data/InputSettings/PlayerInputActions.cs
  artifactKey: Guid(02527dba99ecb2b4b8c70a1e45f3e8bf) Importer(815301076,1909f56bfc062723c751e8b465ee728b)
Start importing Assets/Data/InputSettings/PlayerInputActions.cs using Guid(02527dba99ecb2b4b8c70a1e45f3e8bf) Importer(815301076,1909f56bfc062723c751e8b465ee728b)  -> (artifact id: '5873f18e8db218d474d2f198fc555b58') in 0.009878 seconds 
  Import took 0.013970 seconds .

========================================================================
Received Import Request.
  Time since last request: 0.022051 seconds.
  path: Assets/Data/InputSettings/PlayerInputActions.cs
  artifactKey: Guid(02527dba99ecb2b4b8c70a1e45f3e8bf) Importer(815301076,1909f56bfc062723c751e8b465ee728b)
Start importing Assets/Data/InputSettings/PlayerInputActions.cs using Guid(02527dba99ecb2b4b8c70a1e45f3e8bf) Importer(815301076,1909f56bfc062723c751e8b465ee728b)  -> (artifact id: '5873f18e8db218d474d2f198fc555b58') in 0.002639 seconds 
  Import took 0.007222 seconds .

========================================================================
Received Import Request.
  Time since last request: 32.287491 seconds.
  path: Assets/Scripts
  artifactKey: Guid(02a3527b6b33a924e8ec66aa805ea717) Importer(815301076,1909f56bfc062723c751e8b465ee728b)
Start importing Assets/Scripts using Guid(02a3527b6b33a924e8ec66aa805ea717) Importer(815301076,1909f56bfc062723c751e8b465ee728b)  -> (artifact id: 'f0a913a0049096cde5d6a727232f232f') in 0.006275 seconds 
  Import took 0.010390 seconds .

========================================================================
Received Import Request.
  Time since last request: 20.577551 seconds.
  path: Assets/Scripts/PlayerController.cs
  artifactKey: Guid(ef63b5cfc2a252a4f8e804e073ca4369) Importer(815301076,1909f56bfc062723c751e8b465ee728b)
Start importing Assets/Scripts/PlayerController.cs using Guid(ef63b5cfc2a252a4f8e804e073ca4369) Importer(815301076,1909f56bfc062723c751e8b465ee728b)  -> (artifact id: 'a7803a24132eec5032016b0f32923a7d') in 0.007405 seconds 
  Import took 0.012405 seconds .

========================================================================
Received Prepare
Registering precompiled user dll's ...
Registered in 0.005961 seconds.
Begin MonoManager ReloadAssembly
Native extension for WindowsStandalone target not found
Native extension for WebGL target not found
Refreshing native plugins compatible for Editor in 0.63 ms, found 2 plugins.
Preloading 0 native plugins for Editor in 0.00 ms.
Mono: successfully reloaded assembly
- Completed reload, in  1.151 seconds
Platform modules already initialized, skipping
Shader 'Universal Render Pipeline/Particles/Lit': fallback shader 'Universal Render Pipeline/Particles/SimpleLit' not found
Shader 'Universal Render Pipeline/Particles/Lit': fallback shader 'Universal Render Pipeline/Particles/SimpleLit' not found
Refreshing native plugins compatible for Editor in 0.50 ms, found 2 plugins.
Preloading 0 native plugins for Editor in 0.00 ms.
Unloading 2960 Unused Serialized files (Serialized files now loaded: 0)
System memory in use before: 132.2 MB.
System memory in use after: 128.7 MB.

Unloading 63 unused Assets to reduce memory usage. Loaded Objects now: 3435.
Total: 4.020400 ms (FindLiveObjects: 0.242200 ms CreateObjectMapping: 0.104200 ms MarkObjects: 2.071000 ms  DeleteObjects: 1.602200 ms)

AssetImportParameters requested are different than current active one (requested -> active):
  custom:framework-win-MediaFoundation: 216162199b28c13a410421893ffa2e32 -> 
  custom:video-decoder-ogg-theora: a1e56fd34408186e4bbccfd4996cb3dc -> 
  custom:container-muxer-webm: aa71ff27fc2769a1b78a27578f13a17b -> 
  custom:container-demuxer-webm: 4f35f7cbe854078d1ac9338744f61a02 -> 
  custom:container-demuxer-ogg: 62fdf1f143b41e24485cea50d1cbac27 -> 
  custom:video-encoder-webm-vp8: eb34c28f22e8b96e1ab97ce403110664 -> 
  custom:video-decoder-webm-vp8: 9c59270c3fd7afecdb556c50c9e8de78 -> 
  custom:audio-decoder-ogg-vorbis: bf7c407c2cedff20999df2af8eb42d56 -> 
  custom:audio-encoder-webm-vorbis: bf7c407c2cedff20999df2af8eb42d56 -> 
========================================================================
Received Prepare
Registering precompiled user dll's ...
Registered in 0.004367 seconds.
Begin MonoManager ReloadAssembly
Native extension for WindowsStandalone target not found
Native extension for WebGL target not found
Refreshing native plugins compatible for Editor in 0.52 ms, found 2 plugins.
Preloading 0 native plugins for Editor in 0.00 ms.
Mono: successfully reloaded assembly
- Completed reload, in  1.024 seconds
Platform modules already initialized, skipping
Shader 'Universal Render Pipeline/Particles/Lit': fallback shader 'Universal Render Pipeline/Particles/SimpleLit' not found
Shader 'Universal Render Pipeline/Particles/Lit': fallback shader 'Universal Render Pipeline/Particles/SimpleLit' not found
Refreshing native plugins compatible for Editor in 0.50 ms, found 2 plugins.
Preloading 0 native plugins for Editor in 0.00 ms.
Unloading 2960 Unused Serialized files (Serialized files now loaded: 0)
System memory in use before: 132.1 MB.
System memory in use after: 128.8 MB.

Unloading 63 unused Assets to reduce memory usage. Loaded Objects now: 3438.
Total: 3.828600 ms (FindLiveObjects: 0.253200 ms CreateObjectMapping: 0.102900 ms MarkObjects: 1.871300 ms  DeleteObjects: 1.600200 ms)

AssetImportParameters requested are different than current active one (requested -> active):
  custom:framework-win-MediaFoundation: 216162199b28c13a410421893ffa2e32 -> 
  custom:video-decoder-ogg-theora: a1e56fd34408186e4bbccfd4996cb3dc -> 
  custom:container-muxer-webm: aa71ff27fc2769a1b78a27578f13a17b -> 
  custom:container-demuxer-webm: 4f35f7cbe854078d1ac9338744f61a02 -> 
  custom:container-demuxer-ogg: 62fdf1f143b41e24485cea50d1cbac27 -> 
  custom:video-encoder-webm-vp8: eb34c28f22e8b96e1ab97ce403110664 -> 
  custom:video-decoder-webm-vp8: 9c59270c3fd7afecdb556c50c9e8de78 -> 
  custom:audio-decoder-ogg-vorbis: bf7c407c2cedff20999df2af8eb42d56 -> 
  custom:audio-encoder-webm-vorbis: bf7c407c2cedff20999df2af8eb42d56 -> 
========================================================================
Received Import Request.
  Time since last request: 281.369093 seconds.
  path: Assets/Scripts/PlayerController.cs
  artifactKey: Guid(ef63b5cfc2a252a4f8e804e073ca4369) Importer(815301076,1909f56bfc062723c751e8b465ee728b)
Start importing Assets/Scripts/PlayerController.cs using Guid(ef63b5cfc2a252a4f8e804e073ca4369) Importer(815301076,1909f56bfc062723c751e8b465ee728b)  -> (artifact id: '5c4f1bde0abddb1a3693b41e29f10557') in 0.008048 seconds 
  Import took 0.011917 seconds .

========================================================================
Received Prepare
Registering precompiled user dll's ...
Registered in 0.005344 seconds.
Begin MonoManager ReloadAssembly
Native extension for WindowsStandalone target not found
Native extension for WebGL target not found
Refreshing native plugins compatible for Editor in 0.50 ms, found 2 plugins.
Preloading 0 native plugins for Editor in 0.00 ms.
Mono: successfully reloaded assembly
- Completed reload, in  1.002 seconds
Platform modules already initialized, skipping
Shader 'Universal Render Pipeline/Particles/Lit': fallback shader 'Universal Render Pipeline/Particles/SimpleLit' not found
Shader 'Universal Render Pipeline/Particles/Lit': fallback shader 'Universal Render Pipeline/Particles/SimpleLit' not found
Refreshing native plugins compatible for Editor in 0.50 ms, found 2 plugins.
Preloading 0 native plugins for Editor in 0.00 ms.
Unloading 2960 Unused Serialized files (Serialized files now loaded: 0)
System memory in use before: 132.2 MB.
System memory in use after: 128.8 MB.

Unloading 63 unused Assets to reduce memory usage. Loaded Objects now: 3441.
Total: 4.088200 ms (FindLiveObjects: 0.251700 ms CreateObjectMapping: 0.108300 ms MarkObjects: 2.053000 ms  DeleteObjects: 1.674400 ms)

AssetImportParameters requested are different than current active one (requested -> active):
  custom:framework-win-MediaFoundation: 216162199b28c13a410421893ffa2e32 -> 
  custom:video-decoder-ogg-theora: a1e56fd34408186e4bbccfd4996cb3dc -> 
  custom:container-muxer-webm: aa71ff27fc2769a1b78a27578f13a17b -> 
  custom:container-demuxer-webm: 4f35f7cbe854078d1ac9338744f61a02 -> 
  custom:container-demuxer-ogg: 62fdf1f143b41e24485cea50d1cbac27 -> 
  custom:video-encoder-webm-vp8: eb34c28f22e8b96e1ab97ce403110664 -> 
  custom:video-decoder-webm-vp8: 9c59270c3fd7afecdb556c50c9e8de78 -> 
  custom:audio-decoder-ogg-vorbis: bf7c407c2cedff20999df2af8eb42d56 -> 
  custom:audio-encoder-webm-vorbis: bf7c407c2cedff20999df2af8eb42d56 -> 
========================================================================
Received Import Request.
  Time since last request: 506.184065 seconds.
  path: Assets/Scripts/PlayerController.cs
  artifactKey: Guid(ef63b5cfc2a252a4f8e804e073ca4369) Importer(815301076,1909f56bfc062723c751e8b465ee728b)
Start importing Assets/Scripts/PlayerController.cs using Guid(ef63b5cfc2a252a4f8e804e073ca4369) Importer(815301076,1909f56bfc062723c751e8b465ee728b)  -> (artifact id: '9d1f9a391157581c3e949aec4a99172d') in 0.005188 seconds 
  Import took 0.008832 seconds .

========================================================================
Received Prepare
Registering precompiled user dll's ...
Registered in 0.004850 seconds.
Begin MonoManager ReloadAssembly
Native extension for WindowsStandalone target not found
Native extension for WebGL target not found
Refreshing native plugins compatible for Editor in 0.58 ms, found 2 plugins.
Preloading 0 native plugins for Editor in 0.00 ms.
Invalid AssetDatabase path: /Editor/EditorResources/cm_logo_sm.png. Use path relative to the project folder.
UnityEngine.StackTraceUtility:ExtractStackTrace ()
UnityEditor.AssetDatabase:LoadAssetAtPath<UnityEngine.Texture2D> (string)
Cinemachine.Editor.CinemachineSettings:get_CinemachineLogoTexture () (at Library/PackageCache/com.unity.cinemachine@2.6.11/Editor/Windows/CinemachineSettings.cs:205)
Cinemachine.Editor.CinemachineSettings:.cctor () (at Library/PackageCache/com.unity.cinemachine@2.6.11/Editor/Windows/CinemachineSettings.cs:237)
Cinemachine.CinemachineColliderPrefs:.cctor () (at Library/PackageCache/com.unity.cinemachine@2.6.11/Editor/Windows/CinemachineColliderPrefs.cs:61)
System.Runtime.CompilerServices.RuntimeHelpers:RunClassConstructor (System.RuntimeTypeHandle)
UnityEditor.EditorAssemblies:ProcessInitializeOnLoadAttributes (System.Type[])

[Library/PackageCache/com.unity.cinemachine@2.6.11/Editor/Windows/CinemachineSettings.cs line 205]

Mono: successfully reloaded assembly
- Completed reload, in  1.156 seconds
Platform modules already initialized, skipping
Shader 'Universal Render Pipeline/Particles/Lit': fallback shader 'Universal Render Pipeline/Particles/SimpleLit' not found
Shader 'Universal Render Pipeline/Particles/Lit': fallback shader 'Universal Render Pipeline/Particles/SimpleLit' not found
Refreshing native plugins compatible for Editor in 0.54 ms, found 2 plugins.
Preloading 0 native plugins for Editor in 0.00 ms.
Unloading 3107 Unused Serialized files (Serialized files now loaded: 0)
System memory in use before: 136.9 MB.
System memory in use after: 133.5 MB.

Unloading 64 unused Assets to reduce memory usage. Loaded Objects now: 3590.
Total: 4.107700 ms (FindLiveObjects: 0.273200 ms CreateObjectMapping: 0.119900 ms MarkObjects: 2.101900 ms  DeleteObjects: 1.611900 ms)

AssetImportParameters requested are different than current active one (requested -> active):
  custom:framework-win-MediaFoundation: 216162199b28c13a410421893ffa2e32 -> 
  custom:video-decoder-ogg-theora: a1e56fd34408186e4bbccfd4996cb3dc -> 
  custom:container-muxer-webm: aa71ff27fc2769a1b78a27578f13a17b -> 
  custom:container-demuxer-webm: 4f35f7cbe854078d1ac9338744f61a02 -> 
  custom:container-demuxer-ogg: 62fdf1f143b41e24485cea50d1cbac27 -> 
  custom:video-encoder-webm-vp8: eb34c28f22e8b96e1ab97ce403110664 -> 
  custom:video-decoder-webm-vp8: 9c59270c3fd7afecdb556c50c9e8de78 -> 
  custom:audio-decoder-ogg-vorbis: bf7c407c2cedff20999df2af8eb42d56 -> 
  custom:audio-encoder-webm-vorbis: bf7c407c2cedff20999df2af8eb42d56 -> 
========================================================================
Received Prepare
Registering precompiled user dll's ...
Registered in 0.005548 seconds.
Begin MonoManager ReloadAssembly
Native extension for WindowsStandalone target not found
Native extension for WebGL target not found
Refreshing native plugins compatible for Editor in 0.53 ms, found 2 plugins.
Preloading 0 native plugins for Editor in 0.00 ms.
Mono: successfully reloaded assembly
- Completed reload, in  1.239 seconds
Platform modules already initialized, skipping
Shader 'Universal Render Pipeline/Particles/Lit': fallback shader 'Universal Render Pipeline/Particles/SimpleLit' not found
Shader 'Universal Render Pipeline/Particles/Lit': fallback shader 'Universal Render Pipeline/Particles/SimpleLit' not found
Refreshing native plugins compatible for Editor in 0.69 ms, found 2 plugins.
Preloading 0 native plugins for Editor in 0.00 ms.
Unloading 3108 Unused Serialized files (Serialized files now loaded: 0)
System memory in use before: 137.2 MB.
System memory in use after: 133.7 MB.

Unloading 65 unused Assets to reduce memory usage. Loaded Objects now: 3594.
Total: 7.218500 ms (FindLiveObjects: 0.543600 ms CreateObjectMapping: 0.336800 ms MarkObjects: 3.814100 ms  DeleteObjects: 2.520000 ms)

AssetImportParameters requested are different than current active one (requested -> active):
  custom:framework-win-MediaFoundation: 216162199b28c13a410421893ffa2e32 -> 
  custom:video-decoder-ogg-theora: a1e56fd34408186e4bbccfd4996cb3dc -> 
  custom:container-muxer-webm: aa71ff27fc2769a1b78a27578f13a17b -> 
  custom:container-demuxer-webm: 4f35f7cbe854078d1ac9338744f61a02 -> 
  custom:container-demuxer-ogg: 62fdf1f143b41e24485cea50d1cbac27 -> 
  custom:video-encoder-webm-vp8: eb34c28f22e8b96e1ab97ce403110664 -> 
  custom:video-decoder-webm-vp8: 9c59270c3fd7afecdb556c50c9e8de78 -> 
  custom:audio-decoder-ogg-vorbis: bf7c407c2cedff20999df2af8eb42d56 -> 
  custom:audio-encoder-webm-vorbis: bf7c407c2cedff20999df2af8eb42d56 -> 
========================================================================
Received Import Request.
  Time since last request: 599.297863 seconds.
  path: Assets/Data/InputSettings/PlayerInputActions.cs
  artifactKey: Guid(02527dba99ecb2b4b8c70a1e45f3e8bf) Importer(815301076,1909f56bfc062723c751e8b465ee728b)
Start importing Assets/Data/InputSettings/PlayerInputActions.cs using Guid(02527dba99ecb2b4b8c70a1e45f3e8bf) Importer(815301076,1909f56bfc062723c751e8b465ee728b)  -> (artifact id: '9a05ec700bb4feaad9c6ee926ba11682') in 0.017505 seconds 
  Import took 0.023418 seconds .

========================================================================
Received Import Request.
  Time since last request: 0.021671 seconds.
  path: Assets/Data/InputSettings/PlayerInputActions.cs
  artifactKey: Guid(02527dba99ecb2b4b8c70a1e45f3e8bf) Importer(815301076,1909f56bfc062723c751e8b465ee728b)
Start importing Assets/Data/InputSettings/PlayerInputActions.cs using Guid(02527dba99ecb2b4b8c70a1e45f3e8bf) Importer(815301076,1909f56bfc062723c751e8b465ee728b)  -> (artifact id: '9a05ec700bb4feaad9c6ee926ba11682') in 0.002722 seconds 
  Import took 0.007472 seconds .

========================================================================
Received Import Request.
  Time since last request: 0.964333 seconds.
  path: Assets/Data/InputSettings/PlayerInputActions.inputactions
  artifactKey: Guid(b8c9f1fbe478cac4098b9a06fdc97ba0) Importer(815301076,1909f56bfc062723c751e8b465ee728b)
Start importing Assets/Data/InputSettings/PlayerInputActions.inputactions using Guid(b8c9f1fbe478cac4098b9a06fdc97ba0) Importer(815301076,1909f56bfc062723c751e8b465ee728b)  -> (artifact id: '0115961084d79f670463adf7fd68a73b') in 0.057961 seconds 
  Import took 0.063296 seconds .

========================================================================
Received Prepare
Registering precompiled user dll's ...
Registered in 0.003962 seconds.
Begin MonoManager ReloadAssembly
Native extension for WindowsStandalone target not found
Native extension for WebGL target not found
Refreshing native plugins compatible for Editor in 0.59 ms, found 2 plugins.
Preloading 0 native plugins for Editor in 0.00 ms.
Mono: successfully reloaded assembly
- Completed reload, in  1.117 seconds
Platform modules already initialized, skipping
Shader 'Universal Render Pipeline/Particles/Lit': fallback shader 'Universal Render Pipeline/Particles/SimpleLit' not found
Shader 'Universal Render Pipeline/Particles/Lit': fallback shader 'Universal Render Pipeline/Particles/SimpleLit' not found
Refreshing native plugins compatible for Editor in 0.55 ms, found 2 plugins.
Preloading 0 native plugins for Editor in 0.00 ms.
Unloading 3107 Unused Serialized files (Serialized files now loaded: 0)
System memory in use before: 137.1 MB.
System memory in use after: 133.7 MB.

Unloading 65 unused Assets to reduce memory usage. Loaded Objects now: 3597.
Total: 3.943900 ms (FindLiveObjects: 0.230700 ms CreateObjectMapping: 0.111400 ms MarkObjects: 1.955600 ms  DeleteObjects: 1.645500 ms)

AssetImportParameters requested are different than current active one (requested -> active):
  custom:framework-win-MediaFoundation: 216162199b28c13a410421893ffa2e32 -> 
  custom:video-decoder-ogg-theora: a1e56fd34408186e4bbccfd4996cb3dc -> 
  custom:container-muxer-webm: aa71ff27fc2769a1b78a27578f13a17b -> 
  custom:container-demuxer-webm: 4f35f7cbe854078d1ac9338744f61a02 -> 
  custom:container-demuxer-ogg: 62fdf1f143b41e24485cea50d1cbac27 -> 
  custom:video-encoder-webm-vp8: eb34c28f22e8b96e1ab97ce403110664 -> 
  custom:video-decoder-webm-vp8: 9c59270c3fd7afecdb556c50c9e8de78 -> 
  custom:audio-decoder-ogg-vorbis: bf7c407c2cedff20999df2af8eb42d56 -> 
  custom:audio-encoder-webm-vorbis: bf7c407c2cedff20999df2af8eb42d56 -> 
========================================================================
Received Import Request.
  Time since last request: 445.089436 seconds.
  path: Assets/Scripts/InputManager.cs
  artifactKey: Guid(ef63b5cfc2a252a4f8e804e073ca4369) Importer(815301076,1909f56bfc062723c751e8b465ee728b)
Start importing Assets/Scripts/InputManager.cs using Guid(ef63b5cfc2a252a4f8e804e073ca4369) Importer(815301076,1909f56bfc062723c751e8b465ee728b)  -> (artifact id: '1561df88e9d7a653bdc74e93845fe464') in 0.008779 seconds 
  Import took 0.012785 seconds .

========================================================================
Received Import Request.
  Time since last request: 8.555121 seconds.
  path: Assets/Scripts/Utilities
  artifactKey: Guid(6726a2f8e8f4b214b9ed62659d35820c) Importer(815301076,1909f56bfc062723c751e8b465ee728b)
Start importing Assets/Scripts/Utilities using Guid(6726a2f8e8f4b214b9ed62659d35820c) Importer(815301076,1909f56bfc062723c751e8b465ee728b)  -> (artifact id: '421b8bdec04618ee6050cd2f7bdd5a2f') in 0.006518 seconds 
  Import took 0.011334 seconds .

========================================================================
Received Import Request.
  Time since last request: 7.296814 seconds.
  path: Assets/Scripts/Utilities/Singleton.cs
  artifactKey: Guid(d63973c24ac2e68408e6826fac87a29b) Importer(815301076,1909f56bfc062723c751e8b465ee728b)
Start importing Assets/Scripts/Utilities/Singleton.cs using Guid(d63973c24ac2e68408e6826fac87a29b) Importer(815301076,1909f56bfc062723c751e8b465ee728b)  -> (artifact id: '313b75efdc5e5c142d3934b322864f56') in 0.007606 seconds 
  Import took 0.013545 seconds .

========================================================================
Received Prepare
Registering precompiled user dll's ...
Registered in 0.003974 seconds.
Begin MonoManager ReloadAssembly
Native extension for WindowsStandalone target not found
Native extension for WebGL target not found
Refreshing native plugins compatible for Editor in 0.54 ms, found 2 plugins.
Preloading 0 native plugins for Editor in 0.00 ms.
Mono: successfully reloaded assembly
- Completed reload, in  1.087 seconds
Platform modules already initialized, skipping
Shader 'Universal Render Pipeline/Particles/Lit': fallback shader 'Universal Render Pipeline/Particles/SimpleLit' not found
Shader 'Universal Render Pipeline/Particles/Lit': fallback shader 'Universal Render Pipeline/Particles/SimpleLit' not found
Refreshing native plugins compatible for Editor in 0.52 ms, found 2 plugins.
Preloading 0 native plugins for Editor in 0.00 ms.
Unloading 3108 Unused Serialized files (Serialized files now loaded: 0)
System memory in use before: 137.1 MB.
System memory in use after: 133.7 MB.

Unloading 65 unused Assets to reduce memory usage. Loaded Objects now: 3601.
Total: 4.142900 ms (FindLiveObjects: 0.258300 ms CreateObjectMapping: 0.115400 ms MarkObjects: 2.142900 ms  DeleteObjects: 1.625100 ms)

AssetImportParameters requested are different than current active one (requested -> active):
  custom:framework-win-MediaFoundation: 216162199b28c13a410421893ffa2e32 -> 
  custom:video-decoder-ogg-theora: a1e56fd34408186e4bbccfd4996cb3dc -> 
  custom:container-muxer-webm: aa71ff27fc2769a1b78a27578f13a17b -> 
  custom:container-demuxer-webm: 4f35f7cbe854078d1ac9338744f61a02 -> 
  custom:container-demuxer-ogg: 62fdf1f143b41e24485cea50d1cbac27 -> 
  custom:video-encoder-webm-vp8: eb34c28f22e8b96e1ab97ce403110664 -> 
  custom:video-decoder-webm-vp8: 9c59270c3fd7afecdb556c50c9e8de78 -> 
  custom:audio-decoder-ogg-vorbis: bf7c407c2cedff20999df2af8eb42d56 -> 
  custom:audio-encoder-webm-vorbis: bf7c407c2cedff20999df2af8eb42d56 -> 
========================================================================
Received Import Request.
  Time since last request: 651.819292 seconds.
  path: Assets/Scripts/Utilities/Singleton.cs
  artifactKey: Guid(d63973c24ac2e68408e6826fac87a29b) Importer(815301076,1909f56bfc062723c751e8b465ee728b)
Start importing Assets/Scripts/Utilities/Singleton.cs using Guid(d63973c24ac2e68408e6826fac87a29b) Importer(815301076,1909f56bfc062723c751e8b465ee728b)  -> (artifact id: '5ebee9154c99fc3d42d35387d4845526') in 0.010015 seconds 
  Import took 0.016606 seconds .

========================================================================
Received Import Request.
  Time since last request: 4.970440 seconds.
  path: Assets/Scripts/Utilities/SingletonComponent.cs
  artifactKey: Guid(d63973c24ac2e68408e6826fac87a29b) Importer(815301076,1909f56bfc062723c751e8b465ee728b)
Start importing Assets/Scripts/Utilities/SingletonComponent.cs using Guid(d63973c24ac2e68408e6826fac87a29b) Importer(815301076,1909f56bfc062723c751e8b465ee728b)  -> (artifact id: '347ec847381903a1d24b6bab78245a91') in 0.007522 seconds 
  Import took 0.013210 seconds .

========================================================================
Received Import Request.
  Time since last request: 0.008061 seconds.
  path: Assets/Scripts/Utilities/SingletonComponent.cs
  artifactKey: Guid(d63973c24ac2e68408e6826fac87a29b) Importer(815301076,1909f56bfc062723c751e8b465ee728b)
Start importing Assets/Scripts/Utilities/SingletonComponent.cs using Guid(d63973c24ac2e68408e6826fac87a29b) Importer(815301076,1909f56bfc062723c751e8b465ee728b)  -> (artifact id: '347ec847381903a1d24b6bab78245a91') in 0.003561 seconds 
  Import took 0.008217 seconds .

========================================================================
Received Import Request.
  Time since last request: 1204.262680 seconds.
  path: Assets/Scripts/Utilities/Singleton.cs
  artifactKey: Guid(25b15ecafefa03643b9908eb847770fa) Importer(815301076,1909f56bfc062723c751e8b465ee728b)
Start importing Assets/Scripts/Utilities/Singleton.cs using Guid(25b15ecafefa03643b9908eb847770fa) Importer(815301076,1909f56bfc062723c751e8b465ee728b)  -> (artifact id: '8d1382b2813a450e1ad92a5ea091465f') in 0.005963 seconds 
  Import took 0.010771 seconds .

========================================================================
Received Import Request.
  Time since last request: 0.021009 seconds.
  path: Assets/Scripts/Utilities/Singleton.cs
  artifactKey: Guid(25b15ecafefa03643b9908eb847770fa) Importer(815301076,1909f56bfc062723c751e8b465ee728b)
Start importing Assets/Scripts/Utilities/Singleton.cs using Guid(25b15ecafefa03643b9908eb847770fa) Importer(815301076,1909f56bfc062723c751e8b465ee728b)  -> (artifact id: '8d1382b2813a450e1ad92a5ea091465f') in 0.003176 seconds 
  Import took 0.007432 seconds .

========================================================================
Received Prepare
Registering precompiled user dll's ...
Registered in 0.004568 seconds.
Begin MonoManager ReloadAssembly
Native extension for WindowsStandalone target not found
Native extension for WebGL target not found
Refreshing native plugins compatible for Editor in 0.68 ms, found 2 plugins.
Preloading 0 native plugins for Editor in 0.00 ms.
Mono: successfully reloaded assembly
- Completed reload, in  1.412 seconds
Platform modules already initialized, skipping
Shader 'Universal Render Pipeline/Particles/Lit': fallback shader 'Universal Render Pipeline/Particles/SimpleLit' not found
Shader 'Universal Render Pipeline/Particles/Lit': fallback shader 'Universal Render Pipeline/Particles/SimpleLit' not found
Refreshing native plugins compatible for Editor in 0.60 ms, found 2 plugins.
Preloading 0 native plugins for Editor in 0.00 ms.
Unloading 3108 Unused Serialized files (Serialized files now loaded: 0)
System memory in use before: 137.2 MB.
System memory in use after: 133.7 MB.

Unloading 66 unused Assets to reduce memory usage. Loaded Objects now: 3604.
Total: 4.904500 ms (FindLiveObjects: 0.287000 ms CreateObjectMapping: 0.134200 ms MarkObjects: 2.513300 ms  DeleteObjects: 1.968800 ms)

AssetImportParameters requested are different than current active one (requested -> active):
  custom:framework-win-MediaFoundation: 216162199b28c13a410421893ffa2e32 -> 
  custom:video-decoder-ogg-theora: a1e56fd34408186e4bbccfd4996cb3dc -> 
  custom:container-muxer-webm: aa71ff27fc2769a1b78a27578f13a17b -> 
  custom:container-demuxer-webm: 4f35f7cbe854078d1ac9338744f61a02 -> 
  custom:container-demuxer-ogg: 62fdf1f143b41e24485cea50d1cbac27 -> 
  custom:video-encoder-webm-vp8: eb34c28f22e8b96e1ab97ce403110664 -> 
  custom:video-decoder-webm-vp8: 9c59270c3fd7afecdb556c50c9e8de78 -> 
  custom:audio-decoder-ogg-vorbis: bf7c407c2cedff20999df2af8eb42d56 -> 
  custom:audio-encoder-webm-vorbis: bf7c407c2cedff20999df2af8eb42d56 -> 
========================================================================
Received Import Request.
  Time since last request: 39.896896 seconds.
  path: Assets/Scripts/Utilities/SingletonCompontent.cs
  artifactKey: Guid(25b15ecafefa03643b9908eb847770fa) Importer(815301076,1909f56bfc062723c751e8b465ee728b)
Start importing Assets/Scripts/Utilities/SingletonCompontent.cs using Guid(25b15ecafefa03643b9908eb847770fa) Importer(815301076,1909f56bfc062723c751e8b465ee728b)  -> (artifact id: '26b27957933d7b6ffd8ec4073a29f570') in 0.010899 seconds 
  Import took 0.016126 seconds .

========================================================================
Received Prepare
Registering precompiled user dll's ...
Registered in 0.005173 seconds.
Begin MonoManager ReloadAssembly
Native extension for WindowsStandalone target not found
Native extension for WebGL target not found
Refreshing native plugins compatible for Editor in 0.62 ms, found 2 plugins.
Preloading 0 native plugins for Editor in 0.00 ms.
Mono: successfully reloaded assembly
- Completed reload, in  1.434 seconds
Platform modules already initialized, skipping
Shader 'Universal Render Pipeline/Particles/Lit': fallback shader 'Universal Render Pipeline/Particles/SimpleLit' not found
Shader 'Universal Render Pipeline/Particles/Lit': fallback shader 'Universal Render Pipeline/Particles/SimpleLit' not found
Refreshing native plugins compatible for Editor in 0.64 ms, found 2 plugins.
Preloading 0 native plugins for Editor in 0.00 ms.
Unloading 3108 Unused Serialized files (Serialized files now loaded: 0)
System memory in use before: 137.2 MB.
System memory in use after: 133.7 MB.

Unloading 65 unused Assets to reduce memory usage. Loaded Objects now: 3607.
Total: 5.538000 ms (FindLiveObjects: 0.344800 ms CreateObjectMapping: 0.178800 ms MarkObjects: 2.748400 ms  DeleteObjects: 2.264500 ms)

AssetImportParameters requested are different than current active one (requested -> active):
  custom:framework-win-MediaFoundation: 216162199b28c13a410421893ffa2e32 -> 
  custom:video-decoder-ogg-theora: a1e56fd34408186e4bbccfd4996cb3dc -> 
  custom:container-muxer-webm: aa71ff27fc2769a1b78a27578f13a17b -> 
  custom:container-demuxer-webm: 4f35f7cbe854078d1ac9338744f61a02 -> 
  custom:container-demuxer-ogg: 62fdf1f143b41e24485cea50d1cbac27 -> 
  custom:video-encoder-webm-vp8: eb34c28f22e8b96e1ab97ce403110664 -> 
  custom:video-decoder-webm-vp8: 9c59270c3fd7afecdb556c50c9e8de78 -> 
  custom:audio-decoder-ogg-vorbis: bf7c407c2cedff20999df2af8eb42d56 -> 
  custom:audio-encoder-webm-vorbis: bf7c407c2cedff20999df2af8eb42d56 -> 
========================================================================
Received Import Request.
  Time since last request: 8.900368 seconds.
  path: Assets/Scripts/Utilities/SingletonComponent.cs
  artifactKey: Guid(25b15ecafefa03643b9908eb847770fa) Importer(815301076,1909f56bfc062723c751e8b465ee728b)
Start importing Assets/Scripts/Utilities/SingletonComponent.cs using Guid(25b15ecafefa03643b9908eb847770fa) Importer(815301076,1909f56bfc062723c751e8b465ee728b)  -> (artifact id: 'd5017af673d0cc92e2395faf776114c5') in 0.012625 seconds 
  Import took 0.018223 seconds .

========================================================================
Received Prepare
Registering precompiled user dll's ...
Registered in 0.005678 seconds.
Begin MonoManager ReloadAssembly
Native extension for WindowsStandalone target not found
Native extension for WebGL target not found
Refreshing native plugins compatible for Editor in 0.59 ms, found 2 plugins.
Preloading 0 native plugins for Editor in 0.00 ms.
Mono: successfully reloaded assembly
- Completed reload, in  1.325 seconds
Platform modules already initialized, skipping
Shader 'Universal Render Pipeline/Particles/Lit': fallback shader 'Universal Render Pipeline/Particles/SimpleLit' not found
Shader 'Universal Render Pipeline/Particles/Lit': fallback shader 'Universal Render Pipeline/Particles/SimpleLit' not found
Refreshing native plugins compatible for Editor in 0.66 ms, found 2 plugins.
Preloading 0 native plugins for Editor in 0.00 ms.
Unloading 3108 Unused Serialized files (Serialized files now loaded: 0)
System memory in use before: 137.1 MB.
System memory in use after: 133.7 MB.

Unloading 65 unused Assets to reduce memory usage. Loaded Objects now: 3610.
Total: 5.779300 ms (FindLiveObjects: 0.357200 ms CreateObjectMapping: 0.215600 ms MarkObjects: 2.949700 ms  DeleteObjects: 2.255300 ms)

AssetImportParameters requested are different than current active one (requested -> active):
  custom:framework-win-MediaFoundation: 216162199b28c13a410421893ffa2e32 -> 
  custom:video-decoder-ogg-theora: a1e56fd34408186e4bbccfd4996cb3dc -> 
  custom:container-muxer-webm: aa71ff27fc2769a1b78a27578f13a17b -> 
  custom:container-demuxer-webm: 4f35f7cbe854078d1ac9338744f61a02 -> 
  custom:container-demuxer-ogg: 62fdf1f143b41e24485cea50d1cbac27 -> 
  custom:video-encoder-webm-vp8: eb34c28f22e8b96e1ab97ce403110664 -> 
  custom:video-decoder-webm-vp8: 9c59270c3fd7afecdb556c50c9e8de78 -> 
  custom:audio-decoder-ogg-vorbis: bf7c407c2cedff20999df2af8eb42d56 -> 
  custom:audio-encoder-webm-vorbis: bf7c407c2cedff20999df2af8eb42d56 -> 
========================================================================
Received Prepare
Registering precompiled user dll's ...
Registered in 0.004098 seconds.
Begin MonoManager ReloadAssembly
Native extension for WindowsStandalone target not found
Native extension for WebGL target not found
Refreshing native plugins compatible for Editor in 0.55 ms, found 2 plugins.
Preloading 0 native plugins for Editor in 0.00 ms.
Mono: successfully reloaded assembly
- Completed reload, in  1.058 seconds
Platform modules already initialized, skipping
Shader 'Universal Render Pipeline/Particles/Lit': fallback shader 'Universal Render Pipeline/Particles/SimpleLit' not found
Shader 'Universal Render Pipeline/Particles/Lit': fallback shader 'Universal Render Pipeline/Particles/SimpleLit' not found
Refreshing native plugins compatible for Editor in 0.53 ms, found 2 plugins.
Preloading 0 native plugins for Editor in 0.00 ms.
Unloading 3108 Unused Serialized files (Serialized files now loaded: 0)
System memory in use before: 137.1 MB.
System memory in use after: 133.7 MB.

Unloading 65 unused Assets to reduce memory usage. Loaded Objects now: 3613.
Total: 4.121000 ms (FindLiveObjects: 0.238900 ms CreateObjectMapping: 0.121400 ms MarkObjects: 2.112200 ms  DeleteObjects: 1.647500 ms)

AssetImportParameters requested are different than current active one (requested -> active):
  custom:framework-win-MediaFoundation: 216162199b28c13a410421893ffa2e32 -> 
  custom:video-decoder-ogg-theora: a1e56fd34408186e4bbccfd4996cb3dc -> 
  custom:container-muxer-webm: aa71ff27fc2769a1b78a27578f13a17b -> 
  custom:container-demuxer-webm: 4f35f7cbe854078d1ac9338744f61a02 -> 
  custom:container-demuxer-ogg: 62fdf1f143b41e24485cea50d1cbac27 -> 
  custom:video-encoder-webm-vp8: eb34c28f22e8b96e1ab97ce403110664 -> 
  custom:video-decoder-webm-vp8: 9c59270c3fd7afecdb556c50c9e8de78 -> 
  custom:audio-decoder-ogg-vorbis: bf7c407c2cedff20999df2af8eb42d56 -> 
  custom:audio-encoder-webm-vorbis: bf7c407c2cedff20999df2af8eb42d56 -> 
========================================================================
Received Import Request.
  Time since last request: 1551.679226 seconds.
  path: Assets/Scripts/Utilities/SingletonComponent.cs
  artifactKey: Guid(25b15ecafefa03643b9908eb847770fa) Importer(815301076,1909f56bfc062723c751e8b465ee728b)
Start importing Assets/Scripts/Utilities/SingletonComponent.cs using Guid(25b15ecafefa03643b9908eb847770fa) Importer(815301076,1909f56bfc062723c751e8b465ee728b)  -> (artifact id: 'feacab14ead6991bbc7b16ba0ffb4efb') in 0.005561 seconds 
  Import took 0.009663 seconds .

========================================================================
Received Import Request.
  Time since last request: 13.233431 seconds.
  path: Assets/Scripts/Utilities/SingletonAutoCreateComponent.cs
  artifactKey: Guid(4a45ef11a9700534888d647eec12ccdf) Importer(815301076,1909f56bfc062723c751e8b465ee728b)
Start importing Assets/Scripts/Utilities/SingletonAutoCreateComponent.cs using Guid(4a45ef11a9700534888d647eec12ccdf) Importer(815301076,1909f56bfc062723c751e8b465ee728b)  -> (artifact id: 'f7c423ab508f26b8d1c19aed7f8e8320') in 0.008460 seconds 
  Import took 0.014570 seconds .

========================================================================
Received Prepare
Registering precompiled user dll's ...
Registered in 0.004074 seconds.
Begin MonoManager ReloadAssembly
Native extension for WindowsStandalone target not found
Native extension for WebGL target not found
Refreshing native plugins compatible for Editor in 0.58 ms, found 2 plugins.
Preloading 0 native plugins for Editor in 0.00 ms.
Mono: successfully reloaded assembly
- Completed reload, in  1.224 seconds
Platform modules already initialized, skipping
Shader 'Universal Render Pipeline/Particles/Lit': fallback shader 'Universal Render Pipeline/Particles/SimpleLit' not found
Shader 'Universal Render Pipeline/Particles/Lit': fallback shader 'Universal Render Pipeline/Particles/SimpleLit' not found
Refreshing native plugins compatible for Editor in 0.54 ms, found 2 plugins.
Preloading 0 native plugins for Editor in 0.00 ms.
Unloading 3109 Unused Serialized files (Serialized files now loaded: 0)
System memory in use before: 137.2 MB.
System memory in use after: 133.8 MB.

Unloading 65 unused Assets to reduce memory usage. Loaded Objects now: 3617.
Total: 4.174900 ms (FindLiveObjects: 0.271400 ms CreateObjectMapping: 0.116100 ms MarkObjects: 2.099700 ms  DeleteObjects: 1.686800 ms)

AssetImportParameters requested are different than current active one (requested -> active):
  custom:framework-win-MediaFoundation: 216162199b28c13a410421893ffa2e32 -> 
  custom:video-decoder-ogg-theora: a1e56fd34408186e4bbccfd4996cb3dc -> 
  custom:container-muxer-webm: aa71ff27fc2769a1b78a27578f13a17b -> 
  custom:container-demuxer-webm: 4f35f7cbe854078d1ac9338744f61a02 -> 
  custom:container-demuxer-ogg: 62fdf1f143b41e24485cea50d1cbac27 -> 
  custom:video-encoder-webm-vp8: eb34c28f22e8b96e1ab97ce403110664 -> 
  custom:video-decoder-webm-vp8: 9c59270c3fd7afecdb556c50c9e8de78 -> 
  custom:audio-decoder-ogg-vorbis: bf7c407c2cedff20999df2af8eb42d56 -> 
  custom:audio-encoder-webm-vorbis: bf7c407c2cedff20999df2af8eb42d56 -> 
========================================================================
Received Prepare
Registering precompiled user dll's ...
Registered in 0.004229 seconds.
Begin MonoManager ReloadAssembly
Native extension for WindowsStandalone target not found
Native extension for WebGL target not found
Refreshing native plugins compatible for Editor in 0.52 ms, found 2 plugins.
Preloading 0 native plugins for Editor in 0.00 ms.
Mono: successfully reloaded assembly
- Completed reload, in  1.035 seconds
Platform modules already initialized, skipping
Shader 'Universal Render Pipeline/Particles/Lit': fallback shader 'Universal Render Pipeline/Particles/SimpleLit' not found
Shader 'Universal Render Pipeline/Particles/Lit': fallback shader 'Universal Render Pipeline/Particles/SimpleLit' not found
Refreshing native plugins compatible for Editor in 0.53 ms, found 2 plugins.
Preloading 0 native plugins for Editor in 0.00 ms.
Unloading 3109 Unused Serialized files (Serialized files now loaded: 0)
System memory in use before: 137.2 MB.
System memory in use after: 133.8 MB.

Unloading 65 unused Assets to reduce memory usage. Loaded Objects now: 3620.
Total: 4.196800 ms (FindLiveObjects: 0.268300 ms CreateObjectMapping: 0.131700 ms MarkObjects: 2.180700 ms  DeleteObjects: 1.615300 ms)

AssetImportParameters requested are different than current active one (requested -> active):
  custom:framework-win-MediaFoundation: 216162199b28c13a410421893ffa2e32 -> 
  custom:video-decoder-ogg-theora: a1e56fd34408186e4bbccfd4996cb3dc -> 
  custom:container-muxer-webm: aa71ff27fc2769a1b78a27578f13a17b -> 
  custom:container-demuxer-webm: 4f35f7cbe854078d1ac9338744f61a02 -> 
  custom:container-demuxer-ogg: 62fdf1f143b41e24485cea50d1cbac27 -> 
  custom:video-encoder-webm-vp8: eb34c28f22e8b96e1ab97ce403110664 -> 
  custom:video-decoder-webm-vp8: 9c59270c3fd7afecdb556c50c9e8de78 -> 
  custom:audio-decoder-ogg-vorbis: bf7c407c2cedff20999df2af8eb42d56 -> 
  custom:audio-encoder-webm-vorbis: bf7c407c2cedff20999df2af8eb42d56 -> 
========================================================================
Received Import Request.
  Time since last request: 1583.326895 seconds.
  path: Assets/Scripts/Utilities/SingletonAutoCreateComponent.cs
  artifactKey: Guid(4a45ef11a9700534888d647eec12ccdf) Importer(815301076,1909f56bfc062723c751e8b465ee728b)
Start importing Assets/Scripts/Utilities/SingletonAutoCreateComponent.cs using Guid(4a45ef11a9700534888d647eec12ccdf) Importer(815301076,1909f56bfc062723c751e8b465ee728b)  -> (artifact id: '6580d7275ea18be3767826d8844f97ce') in 0.005562 seconds 
  Import took 0.009550 seconds .

========================================================================
Received Import Request.
  Time since last request: 11.598809 seconds.
  path: Assets/Scripts/Utilities/SingletonComponent.cs
  artifactKey: Guid(25b15ecafefa03643b9908eb847770fa) Importer(815301076,1909f56bfc062723c751e8b465ee728b)
Start importing Assets/Scripts/Utilities/SingletonComponent.cs using Guid(25b15ecafefa03643b9908eb847770fa) Importer(815301076,1909f56bfc062723c751e8b465ee728b)  -> (artifact id: '907b91c63374a86e7f1792f447b3af9c') in 0.002758 seconds 
  Import took 0.007153 seconds .

========================================================================
Received Import Request.
  Time since last request: 0.000470 seconds.
  path: Assets/Scripts/Utilities/SingletonComponent.cs
  artifactKey: Guid(25b15ecafefa03643b9908eb847770fa) Importer(815301076,1909f56bfc062723c751e8b465ee728b)
Start importing Assets/Scripts/Utilities/SingletonComponent.cs using Guid(25b15ecafefa03643b9908eb847770fa) Importer(815301076,1909f56bfc062723c751e8b465ee728b)  -> (artifact id: '907b91c63374a86e7f1792f447b3af9c') in 0.002522 seconds 
  Import took 0.006707 seconds .

========================================================================
Received Import Request.
  Time since last request: 322.476802 seconds.
  path: Assets/Scripts/InputManager.cs
  artifactKey: Guid(ef63b5cfc2a252a4f8e804e073ca4369) Importer(815301076,1909f56bfc062723c751e8b465ee728b)
Start importing Assets/Scripts/InputManager.cs using Guid(ef63b5cfc2a252a4f8e804e073ca4369) Importer(815301076,1909f56bfc062723c751e8b465ee728b)  -> (artifact id: 'c476b04b49ba324df5618cc53e036060') in 0.007296 seconds 
  Import took 0.013312 seconds .

========================================================================
Received Import Request.
  Time since last request: 9.800292 seconds.
  path: Assets/Scripts/Utilities/SingletonComponent.cs
  artifactKey: Guid(25b15ecafefa03643b9908eb847770fa) Importer(815301076,1909f56bfc062723c751e8b465ee728b)
Start importing Assets/Scripts/Utilities/SingletonComponent.cs using Guid(25b15ecafefa03643b9908eb847770fa) Importer(815301076,1909f56bfc062723c751e8b465ee728b)  -> (artifact id: '7c82b1f82303d897ac936b2f4867834b') in 0.002596 seconds 
  Import took 0.007872 seconds .

========================================================================
Received Import Request.
  Time since last request: 48.788802 seconds.
  path: Assets/Scripts/Utilities/SingletonAutoCreateComponent.cs
  artifactKey: Guid(4a45ef11a9700534888d647eec12ccdf) Importer(815301076,1909f56bfc062723c751e8b465ee728b)
Start importing Assets/Scripts/Utilities/SingletonAutoCreateComponent.cs using Guid(4a45ef11a9700534888d647eec12ccdf) Importer(815301076,1909f56bfc062723c751e8b465ee728b)  -> (artifact id: '43efb6a07598db85eda25e01bc2ee41b') in 0.002776 seconds 
  Import took 0.007892 seconds .

========================================================================
Received Prepare
Registering precompiled user dll's ...
Registered in 0.004077 seconds.
Begin MonoManager ReloadAssembly
Native extension for WindowsStandalone target not found
Native extension for WebGL target not found
Refreshing native plugins compatible for Editor in 0.54 ms, found 2 plugins.
Preloading 0 native plugins for Editor in 0.00 ms.
Mono: successfully reloaded assembly
- Completed reload, in  1.049 seconds
Platform modules already initialized, skipping
Shader 'Universal Render Pipeline/Particles/Lit': fallback shader 'Universal Render Pipeline/Particles/SimpleLit' not found
Shader 'Universal Render Pipeline/Particles/Lit': fallback shader 'Universal Render Pipeline/Particles/SimpleLit' not found
Refreshing native plugins compatible for Editor in 0.55 ms, found 2 plugins.
Preloading 0 native plugins for Editor in 0.00 ms.
Unloading 3109 Unused Serialized files (Serialized files now loaded: 0)
System memory in use before: 137.2 MB.
System memory in use after: 133.8 MB.

Unloading 65 unused Assets to reduce memory usage. Loaded Objects now: 3623.
Total: 4.148300 ms (FindLiveObjects: 0.263100 ms CreateObjectMapping: 0.105900 ms MarkObjects: 2.128900 ms  DeleteObjects: 1.649700 ms)

AssetImportParameters requested are different than current active one (requested -> active):
  custom:framework-win-MediaFoundation: 216162199b28c13a410421893ffa2e32 -> 
  custom:video-decoder-ogg-theora: a1e56fd34408186e4bbccfd4996cb3dc -> 
  custom:container-muxer-webm: aa71ff27fc2769a1b78a27578f13a17b -> 
  custom:container-demuxer-webm: 4f35f7cbe854078d1ac9338744f61a02 -> 
  custom:container-demuxer-ogg: 62fdf1f143b41e24485cea50d1cbac27 -> 
  custom:video-encoder-webm-vp8: eb34c28f22e8b96e1ab97ce403110664 -> 
  custom:video-decoder-webm-vp8: 9c59270c3fd7afecdb556c50c9e8de78 -> 
  custom:audio-decoder-ogg-vorbis: bf7c407c2cedff20999df2af8eb42d56 -> 
  custom:audio-encoder-webm-vorbis: bf7c407c2cedff20999df2af8eb42d56 -> 
========================================================================
Received Prepare
Registering precompiled user dll's ...
Registered in 0.003818 seconds.
Begin MonoManager ReloadAssembly
Native extension for WindowsStandalone target not found
Native extension for WebGL target not found
Refreshing native plugins compatible for Editor in 0.49 ms, found 2 plugins.
Preloading 0 native plugins for Editor in 0.00 ms.
Mono: successfully reloaded assembly
- Completed reload, in  1.051 seconds
Platform modules already initialized, skipping
Shader 'Universal Render Pipeline/Particles/Lit': fallback shader 'Universal Render Pipeline/Particles/SimpleLit' not found
Shader 'Universal Render Pipeline/Particles/Lit': fallback shader 'Universal Render Pipeline/Particles/SimpleLit' not found
Refreshing native plugins compatible for Editor in 0.50 ms, found 2 plugins.
Preloading 0 native plugins for Editor in 0.00 ms.
Unloading 3109 Unused Serialized files (Serialized files now loaded: 0)
System memory in use before: 137.2 MB.
System memory in use after: 133.8 MB.

Unloading 65 unused Assets to reduce memory usage. Loaded Objects now: 3626.
Total: 4.125500 ms (FindLiveObjects: 0.265900 ms CreateObjectMapping: 0.115900 ms MarkObjects: 2.108500 ms  DeleteObjects: 1.634400 ms)

AssetImportParameters requested are different than current active one (requested -> active):
  custom:framework-win-MediaFoundation: 216162199b28c13a410421893ffa2e32 -> 
  custom:video-decoder-ogg-theora: a1e56fd34408186e4bbccfd4996cb3dc -> 
  custom:container-muxer-webm: aa71ff27fc2769a1b78a27578f13a17b -> 
  custom:container-demuxer-webm: 4f35f7cbe854078d1ac9338744f61a02 -> 
  custom:container-demuxer-ogg: 62fdf1f143b41e24485cea50d1cbac27 -> 
  custom:video-encoder-webm-vp8: eb34c28f22e8b96e1ab97ce403110664 -> 
  custom:video-decoder-webm-vp8: 9c59270c3fd7afecdb556c50c9e8de78 -> 
  custom:audio-decoder-ogg-vorbis: bf7c407c2cedff20999df2af8eb42d56 -> 
  custom:audio-encoder-webm-vorbis: bf7c407c2cedff20999df2af8eb42d56 -> 
========================================================================
Received Prepare
Registering precompiled user dll's ...
Registered in 0.004413 seconds.
Begin MonoManager ReloadAssembly
Native extension for WindowsStandalone target not found
Native extension for WebGL target not found
Refreshing native plugins compatible for Editor in 0.51 ms, found 2 plugins.
Preloading 0 native plugins for Editor in 0.00 ms.
Mono: successfully reloaded assembly
- Completed reload, in  0.995 seconds
Platform modules already initialized, skipping
Shader 'Universal Render Pipeline/Particles/Lit': fallback shader 'Universal Render Pipeline/Particles/SimpleLit' not found
Shader 'Universal Render Pipeline/Particles/Lit': fallback shader 'Universal Render Pipeline/Particles/SimpleLit' not found
Refreshing native plugins compatible for Editor in 0.53 ms, found 2 plugins.
Preloading 0 native plugins for Editor in 0.00 ms.
Unloading 3109 Unused Serialized files (Serialized files now loaded: 0)
System memory in use before: 137.2 MB.
System memory in use after: 133.8 MB.

Unloading 65 unused Assets to reduce memory usage. Loaded Objects now: 3629.
Total: 4.052400 ms (FindLiveObjects: 0.278900 ms CreateObjectMapping: 0.150000 ms MarkObjects: 1.917800 ms  DeleteObjects: 1.704300 ms)

AssetImportParameters requested are different than current active one (requested -> active):
  custom:framework-win-MediaFoundation: 216162199b28c13a410421893ffa2e32 -> 
  custom:video-decoder-ogg-theora: a1e56fd34408186e4bbccfd4996cb3dc -> 
  custom:container-muxer-webm: aa71ff27fc2769a1b78a27578f13a17b -> 
  custom:container-demuxer-webm: 4f35f7cbe854078d1ac9338744f61a02 -> 
  custom:container-demuxer-ogg: 62fdf1f143b41e24485cea50d1cbac27 -> 
  custom:video-encoder-webm-vp8: eb34c28f22e8b96e1ab97ce403110664 -> 
  custom:video-decoder-webm-vp8: 9c59270c3fd7afecdb556c50c9e8de78 -> 
  custom:audio-decoder-ogg-vorbis: bf7c407c2cedff20999df2af8eb42d56 -> 
  custom:audio-encoder-webm-vorbis: bf7c407c2cedff20999df2af8eb42d56 -> 
AssetImportWorkerClient::OnTransportError - code=2 error=End of file
